2025-06-28 10:56:08,477 - __main__ - INFO - Starting weather analysis for Krakow
2025-06-28 10:56:08,793 - __main__ - INFO - Loaded client: Meteostat
2025-06-28 10:56:10,329 - __main__ - INFO - Loaded client: OpenMeteo
2025-06-28 10:56:19,447 - api_clients.base.Meteostat - INFO - Fetching weather data from Meteostat for Krakow
2025-06-28 10:56:20,407 - api_clients.base.OpenMeteo - INFO - Fetching weather data from Open-Meteo for Krakow
2025-06-28 10:56:21,430 - cmdstanpy - DEBUG - cmd: where.exe tbb.dll
cwd: None
2025-06-28 10:56:21,631 - cmdstanpy - DEBUG - Adding TBB (C:\Users\fajka\OneDrive\Pulpit\projekt\WeatherWise\.venv\Lib\site-packages\prophet\stan_model\cmdstan-2.33.1\stan\lib\stan_math\lib\tbb) to PATH
2025-06-28 10:56:21,673 - cmdstanpy - DEBUG - input tempfile: C:\Users\fajka\AppData\Local\Temp\tmpe59myd7m\fm_0w_c_.json
2025-06-28 10:56:21,710 - cmdstanpy - DEBUG - input tempfile: C:\Users\fajka\AppData\Local\Temp\tmpe59myd7m\g7mo9sjg.json
2025-06-28 10:56:21,714 - cmdstanpy - DEBUG - idx 0
2025-06-28 10:56:21,714 - cmdstanpy - DEBUG - running CmdStan, num_threads: None
2025-06-28 10:56:21,714 - cmdstanpy - DEBUG - CmdStan args: ['C:\\Users\\fajka\\OneDrive\\Pulpit\\projekt\\WeatherWise\\.venv\\Lib\\site-packages\\prophet\\stan_model\\prophet_model.bin', 'random', 'seed=29678', 'data', 'file=C:\\Users\\fajka\\AppData\\Local\\Temp\\tmpe59myd7m\\fm_0w_c_.json', 'init=C:\\Users\\fajka\\AppData\\Local\\Temp\\tmpe59myd7m\\g7mo9sjg.json', 'output', 'file=C:\\Users\\fajka\\AppData\\Local\\Temp\\tmpe59myd7m\\prophet_modelnn59yw49\\prophet_model-20250628105621.csv', 'method=optimize', 'algorithm=lbfgs', 'iter=10000']
2025-06-28 10:56:21,715 - cmdstanpy - INFO - Chain [1] start processing
2025-06-28 10:56:22,146 - cmdstanpy - INFO - Chain [1] done processing
2025-06-28 10:56:23,772 - __main__ - INFO - Forecast plot saved to output\forecast_krakow_20250628.png
2025-06-28 10:58:28,044 - __main__ - INFO - Starting weather analysis for Krakow
2025-06-28 10:58:28,114 - __main__ - INFO - Loaded client: Meteostat
2025-06-28 10:58:29,319 - __main__ - INFO - Loaded client: OpenMeteo
2025-06-28 10:58:33,546 - api_clients.base.Meteostat - INFO - Fetching weather data from Meteostat for Krakow
2025-06-28 10:58:34,375 - api_clients.base.OpenMeteo - INFO - Fetching weather data from Open-Meteo for Krakow
2025-06-28 10:58:35,153 - cmdstanpy - DEBUG - cmd: where.exe tbb.dll
cwd: None
2025-06-28 10:58:35,344 - cmdstanpy - DEBUG - Adding TBB (C:\Users\fajka\OneDrive\Pulpit\projekt\WeatherWise\.venv\Lib\site-packages\prophet\stan_model\cmdstan-2.33.1\stan\lib\stan_math\lib\tbb) to PATH
2025-06-28 10:58:35,383 - cmdstanpy - DEBUG - input tempfile: C:\Users\fajka\AppData\Local\Temp\tmp0ecq0_2v\5zamuyz1.json
2025-06-28 10:58:35,432 - cmdstanpy - DEBUG - input tempfile: C:\Users\fajka\AppData\Local\Temp\tmp0ecq0_2v\7r3s85o9.json
2025-06-28 10:58:35,472 - cmdstanpy - DEBUG - idx 0
2025-06-28 10:58:35,473 - cmdstanpy - DEBUG - running CmdStan, num_threads: None
2025-06-28 10:58:35,473 - cmdstanpy - DEBUG - CmdStan args: ['C:\\Users\\fajka\\OneDrive\\Pulpit\\projekt\\WeatherWise\\.venv\\Lib\\site-packages\\prophet\\stan_model\\prophet_model.bin', 'random', 'seed=41239', 'data', 'file=C:\\Users\\fajka\\AppData\\Local\\Temp\\tmp0ecq0_2v\\5zamuyz1.json', 'init=C:\\Users\\fajka\\AppData\\Local\\Temp\\tmp0ecq0_2v\\7r3s85o9.json', 'output', 'file=C:\\Users\\fajka\\AppData\\Local\\Temp\\tmp0ecq0_2v\\prophet_model2sztkr4a\\prophet_model-20250628105835.csv', 'method=optimize', 'algorithm=lbfgs', 'iter=10000']
2025-06-28 10:58:35,473 - cmdstanpy - INFO - Chain [1] start processing
2025-06-28 10:58:35,535 - cmdstanpy - INFO - Chain [1] done processing
2025-06-28 10:58:37,111 - __main__ - INFO - Forecast plot saved to output\forecast_krakow_20250628.png
2025-06-28 10:59:29,991 - main - INFO - Loaded client: Meteostat
2025-06-28 10:59:30,829 - main - INFO - Loaded client: OpenMeteo
2025-06-28 10:59:37,954 - api_clients.base.Meteostat - INFO - Fetching weather data from Meteostat for Warsaw
2025-06-28 10:59:38,709 - api_clients.base.OpenMeteo - INFO - Fetching weather data from Open-Meteo for Warsaw
2025-06-28 10:59:39,395 - cmdstanpy - DEBUG - cmd: where.exe tbb.dll
cwd: None
2025-06-28 10:59:39,566 - cmdstanpy - DEBUG - Adding TBB (C:\Users\fajka\OneDrive\Pulpit\projekt\WeatherWise\.venv\Lib\site-packages\prophet\stan_model\cmdstan-2.33.1\stan\lib\stan_math\lib\tbb) to PATH
2025-06-28 10:59:39,599 - cmdstanpy - DEBUG - input tempfile: C:\Users\fajka\AppData\Local\Temp\tmpp7r2z378\kad28xeo.json
2025-06-28 10:59:39,644 - cmdstanpy - DEBUG - input tempfile: C:\Users\fajka\AppData\Local\Temp\tmpp7r2z378\osddrdoz.json
2025-06-28 10:59:39,647 - cmdstanpy - DEBUG - idx 0
2025-06-28 10:59:39,647 - cmdstanpy - DEBUG - running CmdStan, num_threads: None
2025-06-28 10:59:39,648 - cmdstanpy - DEBUG - CmdStan args: ['C:\\Users\\fajka\\OneDrive\\Pulpit\\projekt\\WeatherWise\\.venv\\Lib\\site-packages\\prophet\\stan_model\\prophet_model.bin', 'random', 'seed=79462', 'data', 'file=C:\\Users\\fajka\\AppData\\Local\\Temp\\tmpp7r2z378\\kad28xeo.json', 'init=C:\\Users\\fajka\\AppData\\Local\\Temp\\tmpp7r2z378\\osddrdoz.json', 'output', 'file=C:\\Users\\fajka\\AppData\\Local\\Temp\\tmpp7r2z378\\prophet_model7og6507f\\prophet_model-20250628105939.csv', 'method=optimize', 'algorithm=lbfgs', 'iter=10000']
2025-06-28 10:59:39,648 - cmdstanpy - INFO - Chain [1] start processing
2025-06-28 10:59:39,740 - cmdstanpy - INFO - Chain [1] done processing
2025-06-28 10:59:45,342 - main - INFO - Loaded client: Meteostat
2025-06-28 10:59:45,343 - main - INFO - Loaded client: OpenMeteo
2025-06-28 10:59:52,246 - api_clients.base.Meteostat - INFO - Fetching weather data from Meteostat for Krakow
2025-06-28 10:59:53,149 - api_clients.base.OpenMeteo - INFO - Fetching weather data from Open-Meteo for Krakow
2025-06-28 10:59:53,784 - cmdstanpy - DEBUG - cmd: where.exe tbb.dll
cwd: None
2025-06-28 10:59:53,970 - cmdstanpy - DEBUG - TBB already found in load path
2025-06-28 10:59:53,997 - cmdstanpy - DEBUG - input tempfile: C:\Users\fajka\AppData\Local\Temp\tmpp7r2z378\k46nfj2n.json
2025-06-28 10:59:54,036 - cmdstanpy - DEBUG - input tempfile: C:\Users\fajka\AppData\Local\Temp\tmpp7r2z378\pxt43m7q.json
2025-06-28 10:59:54,039 - cmdstanpy - DEBUG - idx 0
2025-06-28 10:59:54,039 - cmdstanpy - DEBUG - running CmdStan, num_threads: None
2025-06-28 10:59:54,040 - cmdstanpy - DEBUG - CmdStan args: ['C:\\Users\\fajka\\OneDrive\\Pulpit\\projekt\\WeatherWise\\.venv\\Lib\\site-packages\\prophet\\stan_model\\prophet_model.bin', 'random', 'seed=53626', 'data', 'file=C:\\Users\\fajka\\AppData\\Local\\Temp\\tmpp7r2z378\\k46nfj2n.json', 'init=C:\\Users\\fajka\\AppData\\Local\\Temp\\tmpp7r2z378\\pxt43m7q.json', 'output', 'file=C:\\Users\\fajka\\AppData\\Local\\Temp\\tmpp7r2z378\\prophet_modelpf7tmuhe\\prophet_model-20250628105954.csv', 'method=optimize', 'algorithm=lbfgs', 'iter=10000']
2025-06-28 10:59:54,040 - cmdstanpy - INFO - Chain [1] start processing
2025-06-28 10:59:54,142 - cmdstanpy - INFO - Chain [1] done processing
2025-06-28 11:00:00,064 - main - INFO - Loaded client: Meteostat
2025-06-28 11:00:00,065 - main - INFO - Loaded client: OpenMeteo
2025-06-28 11:00:07,070 - api_clients.base.Meteostat - INFO - Fetching weather data from Meteostat for Poznan
2025-06-28 11:00:07,911 - api_clients.base.OpenMeteo - INFO - Fetching weather data from Open-Meteo for Poznan
2025-06-28 11:00:08,714 - cmdstanpy - DEBUG - cmd: where.exe tbb.dll
cwd: None
2025-06-28 11:00:08,891 - cmdstanpy - DEBUG - TBB already found in load path
2025-06-28 11:00:08,916 - cmdstanpy - DEBUG - input tempfile: C:\Users\fajka\AppData\Local\Temp\tmpp7r2z378\dn6pfw8c.json
2025-06-28 11:00:08,956 - cmdstanpy - DEBUG - input tempfile: C:\Users\fajka\AppData\Local\Temp\tmpp7r2z378\p766aard.json
2025-06-28 11:00:08,959 - cmdstanpy - DEBUG - idx 0
2025-06-28 11:00:08,960 - cmdstanpy - DEBUG - running CmdStan, num_threads: None
2025-06-28 11:00:08,960 - cmdstanpy - DEBUG - CmdStan args: ['C:\\Users\\fajka\\OneDrive\\Pulpit\\projekt\\WeatherWise\\.venv\\Lib\\site-packages\\prophet\\stan_model\\prophet_model.bin', 'random', 'seed=81835', 'data', 'file=C:\\Users\\fajka\\AppData\\Local\\Temp\\tmpp7r2z378\\dn6pfw8c.json', 'init=C:\\Users\\fajka\\AppData\\Local\\Temp\\tmpp7r2z378\\p766aard.json', 'output', 'file=C:\\Users\\fajka\\AppData\\Local\\Temp\\tmpp7r2z378\\prophet_model2xtolbf2\\prophet_model-20250628110008.csv', 'method=optimize', 'algorithm=lbfgs', 'iter=10000']
2025-06-28 11:00:08,961 - cmdstanpy - INFO - Chain [1] start processing
2025-06-28 11:00:09,090 - cmdstanpy - INFO - Chain [1] done processing
2025-06-28 11:00:24,121 - main - INFO - Loaded client: Meteostat
2025-06-28 11:00:24,129 - main - INFO - Loaded client: OpenMeteo
2025-06-28 11:00:30,858 - api_clients.base.Meteostat - INFO - Fetching weather data from Meteostat for Gdansk
2025-06-28 11:00:31,922 - api_clients.base.OpenMeteo - INFO - Fetching weather data from Open-Meteo for Gdansk
2025-06-28 11:00:33,330 - cmdstanpy - DEBUG - cmd: where.exe tbb.dll
cwd: None
2025-06-28 11:00:33,488 - cmdstanpy - DEBUG - TBB already found in load path
2025-06-28 11:00:33,513 - cmdstanpy - DEBUG - input tempfile: C:\Users\fajka\AppData\Local\Temp\tmpp7r2z378\pggka5zr.json
2025-06-28 11:00:33,553 - cmdstanpy - DEBUG - input tempfile: C:\Users\fajka\AppData\Local\Temp\tmpp7r2z378\6wdsr39d.json
2025-06-28 11:00:33,555 - cmdstanpy - DEBUG - idx 0
2025-06-28 11:00:33,556 - cmdstanpy - DEBUG - running CmdStan, num_threads: None
2025-06-28 11:00:33,556 - cmdstanpy - DEBUG - CmdStan args: ['C:\\Users\\fajka\\OneDrive\\Pulpit\\projekt\\WeatherWise\\.venv\\Lib\\site-packages\\prophet\\stan_model\\prophet_model.bin', 'random', 'seed=45300', 'data', 'file=C:\\Users\\fajka\\AppData\\Local\\Temp\\tmpp7r2z378\\pggka5zr.json', 'init=C:\\Users\\fajka\\AppData\\Local\\Temp\\tmpp7r2z378\\6wdsr39d.json', 'output', 'file=C:\\Users\\fajka\\AppData\\Local\\Temp\\tmpp7r2z378\\prophet_modelnabr6t7w\\prophet_model-20250628110033.csv', 'method=optimize', 'algorithm=lbfgs', 'iter=10000']
2025-06-28 11:00:33,557 - cmdstanpy - INFO - Chain [1] start processing
2025-06-28 11:00:33,677 - cmdstanpy - INFO - Chain [1] done processing
2025-06-28 11:00:47,388 - main - INFO - Loaded client: Meteostat
2025-06-28 11:00:47,389 - main - INFO - Loaded client: OpenMeteo
2025-06-28 11:00:54,256 - api_clients.base.Meteostat - INFO - Fetching weather data from Meteostat for Poznan
2025-06-28 11:00:55,101 - api_clients.base.OpenMeteo - INFO - Fetching weather data from Open-Meteo for Poznan
2025-06-28 11:00:55,706 - cmdstanpy - DEBUG - cmd: where.exe tbb.dll
cwd: None
2025-06-28 11:00:55,894 - cmdstanpy - DEBUG - TBB already found in load path
2025-06-28 11:00:55,918 - cmdstanpy - DEBUG - input tempfile: C:\Users\fajka\AppData\Local\Temp\tmpp7r2z378\rdjzmnig.json
2025-06-28 11:00:55,958 - cmdstanpy - DEBUG - input tempfile: C:\Users\fajka\AppData\Local\Temp\tmpp7r2z378\7q47yiyo.json
2025-06-28 11:00:55,960 - cmdstanpy - DEBUG - idx 0
2025-06-28 11:00:55,961 - cmdstanpy - DEBUG - running CmdStan, num_threads: None
2025-06-28 11:00:55,961 - cmdstanpy - DEBUG - CmdStan args: ['C:\\Users\\fajka\\OneDrive\\Pulpit\\projekt\\WeatherWise\\.venv\\Lib\\site-packages\\prophet\\stan_model\\prophet_model.bin', 'random', 'seed=67418', 'data', 'file=C:\\Users\\fajka\\AppData\\Local\\Temp\\tmpp7r2z378\\rdjzmnig.json', 'init=C:\\Users\\fajka\\AppData\\Local\\Temp\\tmpp7r2z378\\7q47yiyo.json', 'output', 'file=C:\\Users\\fajka\\AppData\\Local\\Temp\\tmpp7r2z378\\prophet_modelydkn2_si\\prophet_model-20250628110055.csv', 'method=optimize', 'algorithm=lbfgs', 'iter=10000']
2025-06-28 11:00:55,961 - cmdstanpy - INFO - Chain [1] start processing
2025-06-28 11:00:56,080 - cmdstanpy - INFO - Chain [1] done processing
2025-06-28 11:49:55,193 - __main__ - INFO - Starting weather analysis for Krakow
2025-06-28 11:49:55,267 - __main__ - INFO - Loaded client: Meteostat
2025-06-28 11:49:56,104 - __main__ - INFO - Loaded client: OpenMeteo
2025-06-28 11:50:00,318 - api_clients.base.Meteostat - INFO - Fetching weather data from Meteostat for Krakow
2025-06-28 11:50:01,192 - api_clients.base.OpenMeteo - INFO - Fetching weather data from Open-Meteo for Krakow
2025-06-28 11:50:02,043 - cmdstanpy - DEBUG - cmd: where.exe tbb.dll
cwd: None
2025-06-28 11:50:02,212 - cmdstanpy - DEBUG - Adding TBB (C:\Users\fajka\OneDrive\Pulpit\projekt\WeatherWise\.venv\Lib\site-packages\prophet\stan_model\cmdstan-2.33.1\stan\lib\stan_math\lib\tbb) to PATH
2025-06-28 11:50:02,246 - cmdstanpy - DEBUG - input tempfile: C:\Users\fajka\AppData\Local\Temp\tmpd7i6iuq2\2o1y53iy.json
2025-06-28 11:50:02,286 - cmdstanpy - DEBUG - input tempfile: C:\Users\fajka\AppData\Local\Temp\tmpd7i6iuq2\wgnh7kpd.json
2025-06-28 11:50:02,307 - cmdstanpy - DEBUG - idx 0
2025-06-28 11:50:02,307 - cmdstanpy - DEBUG - running CmdStan, num_threads: None
2025-06-28 11:50:02,308 - cmdstanpy - DEBUG - CmdStan args: ['C:\\Users\\fajka\\OneDrive\\Pulpit\\projekt\\WeatherWise\\.venv\\Lib\\site-packages\\prophet\\stan_model\\prophet_model.bin', 'random', 'seed=99552', 'data', 'file=C:\\Users\\fajka\\AppData\\Local\\Temp\\tmpd7i6iuq2\\2o1y53iy.json', 'init=C:\\Users\\fajka\\AppData\\Local\\Temp\\tmpd7i6iuq2\\wgnh7kpd.json', 'output', 'file=C:\\Users\\fajka\\AppData\\Local\\Temp\\tmpd7i6iuq2\\prophet_modelavw2ek6g\\prophet_model-20250628115002.csv', 'method=optimize', 'algorithm=lbfgs', 'iter=10000']
2025-06-28 11:50:02,308 - cmdstanpy - INFO - Chain [1] start processing
2025-06-28 11:50:02,377 - cmdstanpy - INFO - Chain [1] done processing
2025-06-28 11:50:03,917 - __main__ - INFO - Forecast plot saved to output\forecast_krakow_20250628.png
2025-06-28 12:03:37,729 - __main__ - INFO - Starting weather analysis for Krakow
2025-06-28 12:03:37,803 - __main__ - INFO - Za쓰dowano dla: Meteostat
2025-06-28 12:03:38,700 - __main__ - INFO - Za쓰dowano dla: OpenMeteo
2025-06-28 12:03:43,135 - api_clients.base.Meteostat - INFO - Pozyskanie danych pogodowych z Meteostat dla Krakow
2025-06-28 12:03:43,950 - api_clients.base.OpenMeteo - INFO - Fetching weather data from Open-Meteo for Krakow
2025-06-28 12:03:44,697 - cmdstanpy - DEBUG - cmd: where.exe tbb.dll
cwd: None
2025-06-28 12:03:44,876 - cmdstanpy - DEBUG - Adding TBB (C:\Users\fajka\OneDrive\Pulpit\projekt\WeatherWise\.venv\Lib\site-packages\prophet\stan_model\cmdstan-2.33.1\stan\lib\stan_math\lib\tbb) to PATH
2025-06-28 12:03:44,912 - cmdstanpy - DEBUG - input tempfile: C:\Users\fajka\AppData\Local\Temp\tmplas14yku\20fsp3d4.json
2025-06-28 12:03:44,950 - cmdstanpy - DEBUG - input tempfile: C:\Users\fajka\AppData\Local\Temp\tmplas14yku\8w9kvcr_.json
2025-06-28 12:03:44,990 - cmdstanpy - DEBUG - idx 0
2025-06-28 12:03:44,990 - cmdstanpy - DEBUG - running CmdStan, num_threads: None
2025-06-28 12:03:44,990 - cmdstanpy - DEBUG - CmdStan args: ['C:\\Users\\fajka\\OneDrive\\Pulpit\\projekt\\WeatherWise\\.venv\\Lib\\site-packages\\prophet\\stan_model\\prophet_model.bin', 'random', 'seed=33601', 'data', 'file=C:\\Users\\fajka\\AppData\\Local\\Temp\\tmplas14yku\\20fsp3d4.json', 'init=C:\\Users\\fajka\\AppData\\Local\\Temp\\tmplas14yku\\8w9kvcr_.json', 'output', 'file=C:\\Users\\fajka\\AppData\\Local\\Temp\\tmplas14yku\\prophet_modelda0a50fc\\prophet_model-20250628120344.csv', 'method=optimize', 'algorithm=lbfgs', 'iter=10000']
2025-06-28 12:03:44,990 - cmdstanpy - INFO - Chain [1] start processing
2025-06-28 12:03:45,055 - cmdstanpy - INFO - Chain [1] done processing
2025-06-28 12:03:46,553 - __main__ - INFO - Forecast plot saved to output\forecast_krakow_20250628.png
2025-06-28 18:41:37,293 - __main__ - INFO - Starting weather analysis for Krakow
2025-06-28 18:41:37,369 - __main__ - INFO - Za쓰dowano dla: Meteostat
2025-06-28 18:41:38,176 - __main__ - INFO - Za쓰dowano dla: OpenMeteo
2025-06-28 18:41:42,271 - api_clients.base.Meteostat - INFO - Pozyskanie danych pogodowych z Meteostat dla Krakow
2025-06-28 18:41:42,958 - api_clients.base.OpenMeteo - INFO - Fetching weather data from Open-Meteo for Krakow
2025-06-28 18:41:43,545 - cmdstanpy - DEBUG - cmd: where.exe tbb.dll
cwd: None
2025-06-28 18:41:43,704 - cmdstanpy - DEBUG - Adding TBB (C:\Users\fajka\OneDrive\Pulpit\projekt\WeatherWise\.venv\Lib\site-packages\prophet\stan_model\cmdstan-2.33.1\stan\lib\stan_math\lib\tbb) to PATH
2025-06-28 18:41:43,736 - cmdstanpy - DEBUG - input tempfile: C:\Users\fajka\AppData\Local\Temp\tmpt0fp5lu3\8ob4u0w5.json
2025-06-28 18:41:43,771 - cmdstanpy - DEBUG - input tempfile: C:\Users\fajka\AppData\Local\Temp\tmpt0fp5lu3\6m4pwjcq.json
2025-06-28 18:41:43,774 - cmdstanpy - DEBUG - idx 0
2025-06-28 18:41:43,774 - cmdstanpy - DEBUG - running CmdStan, num_threads: None
2025-06-28 18:41:43,774 - cmdstanpy - DEBUG - CmdStan args: ['C:\\Users\\fajka\\OneDrive\\Pulpit\\projekt\\WeatherWise\\.venv\\Lib\\site-packages\\prophet\\stan_model\\prophet_model.bin', 'random', 'seed=84703', 'data', 'file=C:\\Users\\fajka\\AppData\\Local\\Temp\\tmpt0fp5lu3\\8ob4u0w5.json', 'init=C:\\Users\\fajka\\AppData\\Local\\Temp\\tmpt0fp5lu3\\6m4pwjcq.json', 'output', 'file=C:\\Users\\fajka\\AppData\\Local\\Temp\\tmpt0fp5lu3\\prophet_modelng7qcpxj\\prophet_model-20250628184143.csv', 'method=optimize', 'algorithm=lbfgs', 'iter=10000']
2025-06-28 18:41:43,775 - cmdstanpy - INFO - Chain [1] start processing
2025-06-28 18:41:44,108 - cmdstanpy - INFO - Chain [1] done processing
2025-06-28 18:41:45,613 - __main__ - INFO - Forecast plot saved to output\forecast_krakow_20250628.png
2025-06-28 18:52:09,492 - __main__ - INFO - Rozpoczecie analizy pogodowej dla:  Krakow
2025-06-28 18:52:09,524 - __main__ - INFO - Za쓰dowano dla: Meteostat
2025-06-28 18:52:09,878 - __main__ - INFO - Za쓰dowano dla: OpenMeteo
2025-06-28 18:52:12,294 - api_clients.base.Meteostat - INFO - Pozyskanie danych pogodowych z Meteostat dla Krakow
2025-06-28 18:52:12,634 - api_clients.base.OpenMeteo - INFO - Fetching weather data from Open-Meteo for Krakow
2025-06-28 18:52:12,883 - cmdstanpy - DEBUG - cmd: where.exe tbb.dll
cwd: None
2025-06-28 18:52:12,947 - cmdstanpy - DEBUG - Adding TBB (C:\Users\fajka\OneDrive\Pulpit\projekt\WeatherWise\.venv\Lib\site-packages\prophet\stan_model\cmdstan-2.33.1\stan\lib\stan_math\lib\tbb) to PATH
2025-06-28 18:52:12,962 - cmdstanpy - DEBUG - input tempfile: C:\Users\fajka\AppData\Local\Temp\tmpgm3nel9o\ei58qa91.json
2025-06-28 18:52:12,978 - cmdstanpy - DEBUG - input tempfile: C:\Users\fajka\AppData\Local\Temp\tmpgm3nel9o\a4kt7m6l.json
2025-06-28 18:52:12,990 - cmdstanpy - DEBUG - idx 0
2025-06-28 18:52:12,990 - cmdstanpy - DEBUG - running CmdStan, num_threads: None
2025-06-28 18:52:12,990 - cmdstanpy - DEBUG - CmdStan args: ['C:\\Users\\fajka\\OneDrive\\Pulpit\\projekt\\WeatherWise\\.venv\\Lib\\site-packages\\prophet\\stan_model\\prophet_model.bin', 'random', 'seed=61810', 'data', 'file=C:\\Users\\fajka\\AppData\\Local\\Temp\\tmpgm3nel9o\\ei58qa91.json', 'init=C:\\Users\\fajka\\AppData\\Local\\Temp\\tmpgm3nel9o\\a4kt7m6l.json', 'output', 'file=C:\\Users\\fajka\\AppData\\Local\\Temp\\tmpgm3nel9o\\prophet_modelmcbqs2i7\\prophet_model-20250628185212.csv', 'method=optimize', 'algorithm=lbfgs', 'iter=10000']
2025-06-28 18:52:12,991 - cmdstanpy - INFO - Chain [1] start processing
2025-06-28 18:52:13,024 - cmdstanpy - INFO - Chain [1] done processing
2025-06-28 18:52:13,689 - __main__ - INFO - Forecast plot saved to output\forecast_krakow_20250628.png
2025-06-28 18:56:58,330 - __main__ - INFO - Rozpoczecie analizy pogodowej dla:  Krakow
2025-06-28 18:56:58,359 - __main__ - INFO - Zaladowano dla: Meteostat
2025-06-28 18:56:58,716 - __main__ - INFO - Zaladowano dla: OpenMeteo
2025-06-28 18:57:01,016 - api_clients.base.Meteostat - INFO - Pozyskanie danych pogodowych z Meteostat dla Krakow
2025-06-28 18:57:01,350 - api_clients.base.OpenMeteo - INFO - Fetching weather data from Open-Meteo for Krakow
2025-06-28 18:57:01,570 - cmdstanpy - DEBUG - cmd: where.exe tbb.dll
cwd: None
2025-06-28 18:57:01,634 - cmdstanpy - DEBUG - Adding TBB (C:\Users\fajka\OneDrive\Pulpit\projekt\WeatherWise\.venv\Lib\site-packages\prophet\stan_model\cmdstan-2.33.1\stan\lib\stan_math\lib\tbb) to PATH
2025-06-28 18:57:01,650 - cmdstanpy - DEBUG - input tempfile: C:\Users\fajka\AppData\Local\Temp\tmp_0md2gou\u7ukpitj.json
2025-06-28 18:57:01,667 - cmdstanpy - DEBUG - input tempfile: C:\Users\fajka\AppData\Local\Temp\tmp_0md2gou\tqyivp77.json
2025-06-28 18:57:01,678 - cmdstanpy - DEBUG - idx 0
2025-06-28 18:57:01,678 - cmdstanpy - DEBUG - running CmdStan, num_threads: None
2025-06-28 18:57:01,679 - cmdstanpy - DEBUG - CmdStan args: ['C:\\Users\\fajka\\OneDrive\\Pulpit\\projekt\\WeatherWise\\.venv\\Lib\\site-packages\\prophet\\stan_model\\prophet_model.bin', 'random', 'seed=26294', 'data', 'file=C:\\Users\\fajka\\AppData\\Local\\Temp\\tmp_0md2gou\\u7ukpitj.json', 'init=C:\\Users\\fajka\\AppData\\Local\\Temp\\tmp_0md2gou\\tqyivp77.json', 'output', 'file=C:\\Users\\fajka\\AppData\\Local\\Temp\\tmp_0md2gou\\prophet_modelbmr_xlhn\\prophet_model-20250628185701.csv', 'method=optimize', 'algorithm=lbfgs', 'iter=10000']
2025-06-28 18:57:01,679 - cmdstanpy - INFO - Chain [1] start processing
2025-06-28 18:57:01,709 - cmdstanpy - INFO - Chain [1] done processing
2025-06-28 18:57:02,345 - __main__ - INFO - Forecast plot saved to output\forecast_krakow_20250628.png
2025-06-28 19:04:40,546 - main - INFO - Zaladowano dla: Meteostat
2025-06-28 19:04:40,892 - main - INFO - Zaladowano dla: OpenMeteo
2025-06-28 19:04:44,716 - api_clients.base.Meteostat - INFO - Pozyskanie danych pogodowych z Meteostat dla Warsaw
2025-06-28 19:04:45,065 - api_clients.base.OpenMeteo - INFO - Fetching weather data from Open-Meteo for Warsaw
2025-06-28 19:04:45,555 - cmdstanpy - DEBUG - cmd: where.exe tbb.dll
cwd: None
2025-06-28 19:04:45,630 - cmdstanpy - DEBUG - Adding TBB (C:\Users\fajka\OneDrive\Pulpit\projekt\WeatherWise\.venv\Lib\site-packages\prophet\stan_model\cmdstan-2.33.1\stan\lib\stan_math\lib\tbb) to PATH
2025-06-28 19:04:45,645 - cmdstanpy - DEBUG - input tempfile: C:\Users\fajka\AppData\Local\Temp\tmpqvb3m5hm\eugw1jit.json
2025-06-28 19:04:45,663 - cmdstanpy - DEBUG - input tempfile: C:\Users\fajka\AppData\Local\Temp\tmpqvb3m5hm\risvycxz.json
2025-06-28 19:04:45,664 - cmdstanpy - DEBUG - idx 0
2025-06-28 19:04:45,665 - cmdstanpy - DEBUG - running CmdStan, num_threads: None
2025-06-28 19:04:45,665 - cmdstanpy - DEBUG - CmdStan args: ['C:\\Users\\fajka\\OneDrive\\Pulpit\\projekt\\WeatherWise\\.venv\\Lib\\site-packages\\prophet\\stan_model\\prophet_model.bin', 'random', 'seed=21614', 'data', 'file=C:\\Users\\fajka\\AppData\\Local\\Temp\\tmpqvb3m5hm\\eugw1jit.json', 'init=C:\\Users\\fajka\\AppData\\Local\\Temp\\tmpqvb3m5hm\\risvycxz.json', 'output', 'file=C:\\Users\\fajka\\AppData\\Local\\Temp\\tmpqvb3m5hm\\prophet_modelflsrv_om\\prophet_model-20250628190445.csv', 'method=optimize', 'algorithm=lbfgs', 'iter=10000']
2025-06-28 19:04:45,665 - cmdstanpy - INFO - Chain [1] start processing
2025-06-28 19:04:45,705 - cmdstanpy - INFO - Chain [1] done processing
2025-06-28 19:05:48,892 - main - INFO - Zaladowano dla: Meteostat
2025-06-28 19:05:48,893 - main - INFO - Zaladowano dla: OpenMeteo
2025-06-28 19:05:52,591 - api_clients.base.Meteostat - INFO - Pozyskanie danych pogodowych z Meteostat dla Warsaw
2025-06-28 19:05:52,962 - api_clients.base.OpenMeteo - INFO - Fetching weather data from Open-Meteo for Warsaw
2025-06-28 19:05:53,146 - cmdstanpy - DEBUG - cmd: where.exe tbb.dll
cwd: None
2025-06-28 19:05:53,217 - cmdstanpy - DEBUG - TBB already found in load path
2025-06-28 19:05:53,229 - cmdstanpy - DEBUG - input tempfile: C:\Users\fajka\AppData\Local\Temp\tmpqvb3m5hm\vay0w6hy.json
2025-06-28 19:05:53,247 - cmdstanpy - DEBUG - input tempfile: C:\Users\fajka\AppData\Local\Temp\tmpqvb3m5hm\joutxl2w.json
2025-06-28 19:05:53,248 - cmdstanpy - DEBUG - idx 0
2025-06-28 19:05:53,248 - cmdstanpy - DEBUG - running CmdStan, num_threads: None
2025-06-28 19:05:53,248 - cmdstanpy - DEBUG - CmdStan args: ['C:\\Users\\fajka\\OneDrive\\Pulpit\\projekt\\WeatherWise\\.venv\\Lib\\site-packages\\prophet\\stan_model\\prophet_model.bin', 'random', 'seed=95621', 'data', 'file=C:\\Users\\fajka\\AppData\\Local\\Temp\\tmpqvb3m5hm\\vay0w6hy.json', 'init=C:\\Users\\fajka\\AppData\\Local\\Temp\\tmpqvb3m5hm\\joutxl2w.json', 'output', 'file=C:\\Users\\fajka\\AppData\\Local\\Temp\\tmpqvb3m5hm\\prophet_modelvqp_ep_h\\prophet_model-20250628190553.csv', 'method=optimize', 'algorithm=lbfgs', 'iter=10000']
2025-06-28 19:05:53,248 - cmdstanpy - INFO - Chain [1] start processing
2025-06-28 19:05:53,304 - cmdstanpy - INFO - Chain [1] done processing
2025-06-28 19:06:02,678 - __main__ - INFO - Rozpoczecie analizy pogodowej dla:  Krakow
2025-06-28 19:06:02,715 - __main__ - INFO - Zaladowano dla: Meteostat
2025-06-28 19:06:03,074 - __main__ - INFO - Zaladowano dla: OpenMeteo
2025-06-28 19:06:05,476 - api_clients.base.Meteostat - INFO - Pozyskanie danych pogodowych z Meteostat dla Krakow
2025-06-28 19:06:05,857 - api_clients.base.OpenMeteo - INFO - Fetching weather data from Open-Meteo for Krakow
2025-06-28 19:06:06,127 - cmdstanpy - DEBUG - cmd: where.exe tbb.dll
cwd: None
2025-06-28 19:06:06,223 - cmdstanpy - DEBUG - Adding TBB (C:\Users\fajka\OneDrive\Pulpit\projekt\WeatherWise\.venv\Lib\site-packages\prophet\stan_model\cmdstan-2.33.1\stan\lib\stan_math\lib\tbb) to PATH
2025-06-28 19:06:06,240 - cmdstanpy - DEBUG - input tempfile: C:\Users\fajka\AppData\Local\Temp\tmpcachjyly\3ukhwhoq.json
2025-06-28 19:06:06,260 - cmdstanpy - DEBUG - input tempfile: C:\Users\fajka\AppData\Local\Temp\tmpcachjyly\m8yx8qq3.json
2025-06-28 19:06:06,262 - cmdstanpy - DEBUG - idx 0
2025-06-28 19:06:06,262 - cmdstanpy - DEBUG - running CmdStan, num_threads: None
2025-06-28 19:06:06,262 - cmdstanpy - DEBUG - CmdStan args: ['C:\\Users\\fajka\\OneDrive\\Pulpit\\projekt\\WeatherWise\\.venv\\Lib\\site-packages\\prophet\\stan_model\\prophet_model.bin', 'random', 'seed=52', 'data', 'file=C:\\Users\\fajka\\AppData\\Local\\Temp\\tmpcachjyly\\3ukhwhoq.json', 'init=C:\\Users\\fajka\\AppData\\Local\\Temp\\tmpcachjyly\\m8yx8qq3.json', 'output', 'file=C:\\Users\\fajka\\AppData\\Local\\Temp\\tmpcachjyly\\prophet_modelp42qstiw\\prophet_model-20250628190606.csv', 'method=optimize', 'algorithm=lbfgs', 'iter=10000']
2025-06-28 19:06:06,262 - cmdstanpy - INFO - Chain [1] start processing
2025-06-28 19:06:06,296 - cmdstanpy - INFO - Chain [1] done processing
2025-06-28 19:06:06,365 - __main__ - ERROR - Failed to generate forecast: 'dni'
2025-06-28 19:06:17,501 - __main__ - INFO - Rozpoczecie analizy pogodowej dla:  Krakow
2025-06-28 19:06:17,530 - __main__ - INFO - Zaladowano dla: Meteostat
2025-06-28 19:06:17,879 - __main__ - INFO - Zaladowano dla: OpenMeteo
2025-06-28 19:06:20,196 - api_clients.base.Meteostat - INFO - Pozyskanie danych pogodowych z Meteostat dla Krakow
2025-06-28 19:06:20,530 - api_clients.base.OpenMeteo - INFO - Fetching weather data from Open-Meteo for Krakow
2025-06-28 19:06:20,761 - cmdstanpy - DEBUG - cmd: where.exe tbb.dll
cwd: None
2025-06-28 19:06:20,835 - cmdstanpy - DEBUG - Adding TBB (C:\Users\fajka\OneDrive\Pulpit\projekt\WeatherWise\.venv\Lib\site-packages\prophet\stan_model\cmdstan-2.33.1\stan\lib\stan_math\lib\tbb) to PATH
2025-06-28 19:06:20,850 - cmdstanpy - DEBUG - input tempfile: C:\Users\fajka\AppData\Local\Temp\tmp8sz8bq_5\0cbacfhc.json
2025-06-28 19:06:20,867 - cmdstanpy - DEBUG - input tempfile: C:\Users\fajka\AppData\Local\Temp\tmp8sz8bq_5\yljjo46m.json
2025-06-28 19:06:20,869 - cmdstanpy - DEBUG - idx 0
2025-06-28 19:06:20,869 - cmdstanpy - DEBUG - running CmdStan, num_threads: None
2025-06-28 19:06:20,869 - cmdstanpy - DEBUG - CmdStan args: ['C:\\Users\\fajka\\OneDrive\\Pulpit\\projekt\\WeatherWise\\.venv\\Lib\\site-packages\\prophet\\stan_model\\prophet_model.bin', 'random', 'seed=82850', 'data', 'file=C:\\Users\\fajka\\AppData\\Local\\Temp\\tmp8sz8bq_5\\0cbacfhc.json', 'init=C:\\Users\\fajka\\AppData\\Local\\Temp\\tmp8sz8bq_5\\yljjo46m.json', 'output', 'file=C:\\Users\\fajka\\AppData\\Local\\Temp\\tmp8sz8bq_5\\prophet_model4ojx5bm3\\prophet_model-20250628190620.csv', 'method=optimize', 'algorithm=lbfgs', 'iter=10000']
2025-06-28 19:06:20,869 - cmdstanpy - INFO - Chain [1] start processing
2025-06-28 19:06:20,899 - cmdstanpy - INFO - Chain [1] done processing
2025-06-28 19:06:21,541 - __main__ - INFO - Forecast plot saved to output\forecast_krakow_20250628.png
2025-06-28 19:17:57,696 - __main__ - INFO - Rozpoczecie analizy pogodowej dla:  Krakow
2025-06-28 19:17:57,727 - __main__ - INFO - Zaladowano dla: Meteostat
2025-06-28 19:17:58,082 - __main__ - INFO - Zaladowano dla: OpenMeteo
2025-06-28 19:18:00,385 - api_clients.base.Meteostat - INFO - Pozyskanie danych pogodowych z Meteostat dla Krakow
2025-06-28 19:18:00,726 - api_clients.base.OpenMeteo - INFO - Fetching weather data from Open-Meteo for Krakow
2025-06-28 19:18:01,495 - cmdstanpy - DEBUG - cmd: where.exe tbb.dll
cwd: None
2025-06-28 19:18:01,566 - cmdstanpy - DEBUG - Adding TBB (C:\Users\fajka\OneDrive\Pulpit\projekt\WeatherWise\.venv\Lib\site-packages\prophet\stan_model\cmdstan-2.33.1\stan\lib\stan_math\lib\tbb) to PATH
2025-06-28 19:18:01,581 - cmdstanpy - DEBUG - input tempfile: C:\Users\fajka\AppData\Local\Temp\tmpffbp5o8e\745az6z9.json
2025-06-28 19:18:01,597 - cmdstanpy - DEBUG - input tempfile: C:\Users\fajka\AppData\Local\Temp\tmpffbp5o8e\ndrp444g.json
2025-06-28 19:18:01,600 - cmdstanpy - DEBUG - idx 0
2025-06-28 19:18:01,600 - cmdstanpy - DEBUG - running CmdStan, num_threads: None
2025-06-28 19:18:01,600 - cmdstanpy - DEBUG - CmdStan args: ['C:\\Users\\fajka\\OneDrive\\Pulpit\\projekt\\WeatherWise\\.venv\\Lib\\site-packages\\prophet\\stan_model\\prophet_model.bin', 'random', 'seed=10386', 'data', 'file=C:\\Users\\fajka\\AppData\\Local\\Temp\\tmpffbp5o8e\\745az6z9.json', 'init=C:\\Users\\fajka\\AppData\\Local\\Temp\\tmpffbp5o8e\\ndrp444g.json', 'output', 'file=C:\\Users\\fajka\\AppData\\Local\\Temp\\tmpffbp5o8e\\prophet_modelih82op2g\\prophet_model-20250628191801.csv', 'method=optimize', 'algorithm=lbfgs', 'iter=10000']
2025-06-28 19:18:01,600 - cmdstanpy - INFO - Chain [1] start processing
2025-06-28 19:18:01,630 - cmdstanpy - INFO - Chain [1] done processing
2025-06-28 19:18:02,319 - __main__ - INFO - Wykres prognozy zostal zapsiany w lokalizacji: output\forecast_krakow_20250628.png
2025-06-28 19:19:08,590 - main - INFO - Zaladowano dla: Meteostat
2025-06-28 19:19:08,933 - main - INFO - Zaladowano dla: OpenMeteo
2025-06-28 19:19:12,681 - api_clients.base.Meteostat - INFO - Pozyskanie danych pogodowych z Meteostat dla Warsaw
2025-06-28 19:19:13,050 - api_clients.base.OpenMeteo - INFO - Fetching weather data from Open-Meteo for Warsaw
2025-06-28 19:19:13,526 - cmdstanpy - DEBUG - cmd: where.exe tbb.dll
cwd: None
2025-06-28 19:19:13,600 - cmdstanpy - DEBUG - Adding TBB (C:\Users\fajka\OneDrive\Pulpit\projekt\WeatherWise\.venv\Lib\site-packages\prophet\stan_model\cmdstan-2.33.1\stan\lib\stan_math\lib\tbb) to PATH
2025-06-28 19:19:13,617 - cmdstanpy - DEBUG - input tempfile: C:\Users\fajka\AppData\Local\Temp\tmpmphbr7on\pwn3ccwo.json
2025-06-28 19:19:13,638 - cmdstanpy - DEBUG - input tempfile: C:\Users\fajka\AppData\Local\Temp\tmpmphbr7on\v1p41668.json
2025-06-28 19:19:13,640 - cmdstanpy - DEBUG - idx 0
2025-06-28 19:19:13,641 - cmdstanpy - DEBUG - running CmdStan, num_threads: None
2025-06-28 19:19:13,641 - cmdstanpy - DEBUG - CmdStan args: ['C:\\Users\\fajka\\OneDrive\\Pulpit\\projekt\\WeatherWise\\.venv\\Lib\\site-packages\\prophet\\stan_model\\prophet_model.bin', 'random', 'seed=53137', 'data', 'file=C:\\Users\\fajka\\AppData\\Local\\Temp\\tmpmphbr7on\\pwn3ccwo.json', 'init=C:\\Users\\fajka\\AppData\\Local\\Temp\\tmpmphbr7on\\v1p41668.json', 'output', 'file=C:\\Users\\fajka\\AppData\\Local\\Temp\\tmpmphbr7on\\prophet_model4ixk7d_6\\prophet_model-20250628191913.csv', 'method=optimize', 'algorithm=lbfgs', 'iter=10000']
2025-06-28 19:19:13,641 - cmdstanpy - INFO - Chain [1] start processing
2025-06-28 19:19:13,682 - cmdstanpy - INFO - Chain [1] done processing
2025-06-28 19:20:24,102 - __main__ - INFO - Rozpoczecie analizy pogodowej dla:  Krakow
2025-06-28 19:20:24,131 - __main__ - INFO - Zaladowano dla: Meteostat
2025-06-28 19:20:24,481 - __main__ - INFO - Zaladowano dla: OpenMeteo
2025-06-28 19:20:26,934 - api_clients.base.Meteostat - INFO - Pozyskanie danych pogodowych z Meteostat dla Krakow
2025-06-28 19:20:27,285 - api_clients.base.OpenMeteo - INFO - Fetching weather data from Open-Meteo for Krakow
2025-06-28 19:20:27,505 - cmdstanpy - DEBUG - cmd: where.exe tbb.dll
cwd: None
2025-06-28 19:20:27,587 - cmdstanpy - DEBUG - Adding TBB (C:\Users\fajka\OneDrive\Pulpit\projekt\WeatherWise\.venv\Lib\site-packages\prophet\stan_model\cmdstan-2.33.1\stan\lib\stan_math\lib\tbb) to PATH
2025-06-28 19:20:27,606 - cmdstanpy - DEBUG - input tempfile: C:\Users\fajka\AppData\Local\Temp\tmps1suermo\uk45yrhu.json
2025-06-28 19:20:27,623 - cmdstanpy - DEBUG - input tempfile: C:\Users\fajka\AppData\Local\Temp\tmps1suermo\ugnbsthz.json
2025-06-28 19:20:27,634 - cmdstanpy - DEBUG - idx 0
2025-06-28 19:20:27,635 - cmdstanpy - DEBUG - running CmdStan, num_threads: None
2025-06-28 19:20:27,635 - cmdstanpy - DEBUG - CmdStan args: ['C:\\Users\\fajka\\OneDrive\\Pulpit\\projekt\\WeatherWise\\.venv\\Lib\\site-packages\\prophet\\stan_model\\prophet_model.bin', 'random', 'seed=24689', 'data', 'file=C:\\Users\\fajka\\AppData\\Local\\Temp\\tmps1suermo\\uk45yrhu.json', 'init=C:\\Users\\fajka\\AppData\\Local\\Temp\\tmps1suermo\\ugnbsthz.json', 'output', 'file=C:\\Users\\fajka\\AppData\\Local\\Temp\\tmps1suermo\\prophet_modelmdk8fi9k\\prophet_model-20250628192027.csv', 'method=optimize', 'algorithm=lbfgs', 'iter=10000']
2025-06-28 19:20:27,635 - cmdstanpy - INFO - Chain [1] start processing
2025-06-28 19:20:27,665 - cmdstanpy - INFO - Chain [1] done processing
2025-06-28 19:20:28,304 - __main__ - INFO - Wykres prognozy zostal zapsiany w lokalizacji: output\forecast_krakow_20250628.png
2025-06-28 19:25:03,364 - __main__ - INFO - Rozpoczecie analizy pogodowej dla:  Krakow
2025-06-28 19:25:03,395 - __main__ - INFO - Zaladowano dla: Meteostat
2025-06-28 19:25:03,745 - __main__ - INFO - Zaladowano dla: OpenMeteo
2025-06-28 19:25:06,057 - api_clients.base.Meteostat - INFO - Pozyskanie danych pogodowych z Meteostat dla Krakow
2025-06-28 19:25:06,395 - api_clients.base.OpenMeteo - INFO - Pozyskanie danych pogodowych z Open-Meteo dla Krakow
2025-06-28 19:25:06,641 - cmdstanpy - DEBUG - cmd: where.exe tbb.dll
cwd: None
2025-06-28 19:25:06,713 - cmdstanpy - DEBUG - Adding TBB (C:\Users\fajka\OneDrive\Pulpit\projekt\WeatherWise\.venv\Lib\site-packages\prophet\stan_model\cmdstan-2.33.1\stan\lib\stan_math\lib\tbb) to PATH
2025-06-28 19:25:06,727 - cmdstanpy - DEBUG - input tempfile: C:\Users\fajka\AppData\Local\Temp\tmpx0jigjcw\fp_zm0xx.json
2025-06-28 19:25:06,744 - cmdstanpy - DEBUG - input tempfile: C:\Users\fajka\AppData\Local\Temp\tmpx0jigjcw\l0e331zc.json
2025-06-28 19:25:06,755 - cmdstanpy - DEBUG - idx 0
2025-06-28 19:25:06,755 - cmdstanpy - DEBUG - running CmdStan, num_threads: None
2025-06-28 19:25:06,755 - cmdstanpy - DEBUG - CmdStan args: ['C:\\Users\\fajka\\OneDrive\\Pulpit\\projekt\\WeatherWise\\.venv\\Lib\\site-packages\\prophet\\stan_model\\prophet_model.bin', 'random', 'seed=35305', 'data', 'file=C:\\Users\\fajka\\AppData\\Local\\Temp\\tmpx0jigjcw\\fp_zm0xx.json', 'init=C:\\Users\\fajka\\AppData\\Local\\Temp\\tmpx0jigjcw\\l0e331zc.json', 'output', 'file=C:\\Users\\fajka\\AppData\\Local\\Temp\\tmpx0jigjcw\\prophet_model20djz4us\\prophet_model-20250628192506.csv', 'method=optimize', 'algorithm=lbfgs', 'iter=10000']
2025-06-28 19:25:06,755 - cmdstanpy - INFO - Chain [1] start processing
2025-06-28 19:25:06,785 - cmdstanpy - INFO - Chain [1] done processing
2025-06-28 19:25:07,443 - __main__ - INFO - Wykres prognozy zostal zapsiany w lokalizacji: output\forecast_krakow_20250628.png
2025-06-28 19:32:23,610 - main - INFO - Zaladowano dla: Meteostat
2025-06-28 19:32:23,953 - main - INFO - Zaladowano dla: OpenMeteo
2025-06-28 19:32:27,800 - api_clients.base.Meteostat - INFO - Pozyskanie danych pogodowych z Meteostat dla Warsaw
2025-06-28 19:32:28,153 - api_clients.base.OpenMeteo - INFO - Pozyskanie danych pogodowych z Open-Meteo dla Warsaw
2025-06-28 19:32:28,807 - cmdstanpy - DEBUG - cmd: where.exe tbb.dll
cwd: None
2025-06-28 19:32:28,875 - cmdstanpy - DEBUG - Adding TBB (C:\Users\fajka\OneDrive\Pulpit\projekt\WeatherWise\.venv\Lib\site-packages\prophet\stan_model\cmdstan-2.33.1\stan\lib\stan_math\lib\tbb) to PATH
2025-06-28 19:32:28,890 - cmdstanpy - DEBUG - input tempfile: C:\Users\fajka\AppData\Local\Temp\tmp2ix3_qvh\fei44smm.json
2025-06-28 19:32:28,907 - cmdstanpy - DEBUG - input tempfile: C:\Users\fajka\AppData\Local\Temp\tmp2ix3_qvh\8fz1xg1a.json
2025-06-28 19:32:28,919 - cmdstanpy - DEBUG - idx 0
2025-06-28 19:32:28,919 - cmdstanpy - DEBUG - running CmdStan, num_threads: None
2025-06-28 19:32:28,919 - cmdstanpy - DEBUG - CmdStan args: ['C:\\Users\\fajka\\OneDrive\\Pulpit\\projekt\\WeatherWise\\.venv\\Lib\\site-packages\\prophet\\stan_model\\prophet_model.bin', 'random', 'seed=28345', 'data', 'file=C:\\Users\\fajka\\AppData\\Local\\Temp\\tmp2ix3_qvh\\fei44smm.json', 'init=C:\\Users\\fajka\\AppData\\Local\\Temp\\tmp2ix3_qvh\\8fz1xg1a.json', 'output', 'file=C:\\Users\\fajka\\AppData\\Local\\Temp\\tmp2ix3_qvh\\prophet_model0zvt80mo\\prophet_model-20250628193228.csv', 'method=optimize', 'algorithm=lbfgs', 'iter=10000']
2025-06-28 19:32:28,919 - cmdstanpy - INFO - Chain [1] start processing
2025-06-28 19:32:28,956 - cmdstanpy - INFO - Chain [1] done processing
2025-06-28 19:33:42,373 - main - INFO - Zaladowano dla: Meteostat
2025-06-28 19:33:42,721 - main - INFO - Zaladowano dla: OpenMeteo
2025-06-28 19:33:46,386 - api_clients.base.Meteostat - INFO - Pozyskanie danych pogodowych z Meteostat dla Warsaw
2025-06-28 19:33:46,773 - api_clients.base.OpenMeteo - INFO - Pozyskanie danych pogodowych z Open-Meteo dla Warsaw
2025-06-28 19:33:46,990 - cmdstanpy - DEBUG - cmd: where.exe tbb.dll
cwd: None
2025-06-28 19:33:47,058 - cmdstanpy - DEBUG - Adding TBB (C:\Users\fajka\OneDrive\Pulpit\projekt\WeatherWise\.venv\Lib\site-packages\prophet\stan_model\cmdstan-2.33.1\stan\lib\stan_math\lib\tbb) to PATH
2025-06-28 19:33:47,073 - cmdstanpy - DEBUG - input tempfile: C:\Users\fajka\AppData\Local\Temp\tmp5b3hms54\pzwhysgl.json
2025-06-28 19:33:47,090 - cmdstanpy - DEBUG - input tempfile: C:\Users\fajka\AppData\Local\Temp\tmp5b3hms54\j007xc8u.json
2025-06-28 19:33:47,103 - cmdstanpy - DEBUG - idx 0
2025-06-28 19:33:47,103 - cmdstanpy - DEBUG - running CmdStan, num_threads: None
2025-06-28 19:33:47,103 - cmdstanpy - DEBUG - CmdStan args: ['C:\\Users\\fajka\\OneDrive\\Pulpit\\projekt\\WeatherWise\\.venv\\Lib\\site-packages\\prophet\\stan_model\\prophet_model.bin', 'random', 'seed=80637', 'data', 'file=C:\\Users\\fajka\\AppData\\Local\\Temp\\tmp5b3hms54\\pzwhysgl.json', 'init=C:\\Users\\fajka\\AppData\\Local\\Temp\\tmp5b3hms54\\j007xc8u.json', 'output', 'file=C:\\Users\\fajka\\AppData\\Local\\Temp\\tmp5b3hms54\\prophet_modelebss1kbq\\prophet_model-20250628193347.csv', 'method=optimize', 'algorithm=lbfgs', 'iter=10000']
2025-06-28 19:33:47,103 - cmdstanpy - INFO - Chain [1] start processing
2025-06-28 19:33:47,138 - cmdstanpy - INFO - Chain [1] done processing
2025-06-28 19:43:52,995 - __main__ - INFO - Rozpoczecie analizy pogodowej dla:  Krakow
2025-06-28 19:43:53,025 - __main__ - INFO - Zaladowano dla: Meteostat
2025-06-28 19:43:53,377 - __main__ - INFO - Zaladowano dla: OpenMeteo
2025-06-28 19:43:55,732 - api_clients.base.Meteostat - INFO - Pozyskanie danych pogodowych z Meteostat dla Krakow
2025-06-28 19:43:56,080 - api_clients.base.OpenMeteo - INFO - Pozyskanie danych pogodowych z Open-Meteo dla Krakow
2025-06-28 19:43:56,712 - cmdstanpy - DEBUG - cmd: where.exe tbb.dll
cwd: None
2025-06-28 19:43:56,787 - cmdstanpy - DEBUG - Adding TBB (C:\Users\fajka\OneDrive\Pulpit\projekt\WeatherWise\.venv\Lib\site-packages\prophet\stan_model\cmdstan-2.33.1\stan\lib\stan_math\lib\tbb) to PATH
2025-06-28 19:43:56,802 - cmdstanpy - DEBUG - input tempfile: C:\Users\fajka\AppData\Local\Temp\tmpva3r4dnf\py0r9g_e.json
2025-06-28 19:43:56,819 - cmdstanpy - DEBUG - input tempfile: C:\Users\fajka\AppData\Local\Temp\tmpva3r4dnf\1t4m0m4y.json
2025-06-28 19:43:56,832 - cmdstanpy - DEBUG - idx 0
2025-06-28 19:43:56,832 - cmdstanpy - DEBUG - running CmdStan, num_threads: None
2025-06-28 19:43:56,832 - cmdstanpy - DEBUG - CmdStan args: ['C:\\Users\\fajka\\OneDrive\\Pulpit\\projekt\\WeatherWise\\.venv\\Lib\\site-packages\\prophet\\stan_model\\prophet_model.bin', 'random', 'seed=48940', 'data', 'file=C:\\Users\\fajka\\AppData\\Local\\Temp\\tmpva3r4dnf\\py0r9g_e.json', 'init=C:\\Users\\fajka\\AppData\\Local\\Temp\\tmpva3r4dnf\\1t4m0m4y.json', 'output', 'file=C:\\Users\\fajka\\AppData\\Local\\Temp\\tmpva3r4dnf\\prophet_modelnw2w8clk\\prophet_model-20250628194356.csv', 'method=optimize', 'algorithm=lbfgs', 'iter=10000']
2025-06-28 19:43:56,832 - cmdstanpy - INFO - Chain [1] start processing
2025-06-28 19:43:56,866 - cmdstanpy - INFO - Chain [1] done processing
2025-06-28 19:43:57,544 - __main__ - INFO - Wykres prognozy zostal zapsiany w lokalizacji: output\forecast_krakow_20250628.png
2025-06-28 19:49:52,374 - __main__ - INFO - Rozpoczecie analizy pogodowej dla:  Krakow
2025-06-28 19:49:52,403 - __main__ - INFO - Zaladowano dla: Meteostat
2025-06-28 19:49:52,756 - __main__ - INFO - Zaladowano dla: OpenMeteo
2025-06-28 19:49:55,084 - api_clients.base.Meteostat - INFO - Pozyskanie danych pogodowych z Meteostat dla Krakow
2025-06-28 19:49:55,432 - api_clients.base.OpenMeteo - INFO - Pozyskanie danych pogodowych z Open-Meteo dla Krakow
2025-06-28 19:49:55,670 - __main__ - ERROR - Analiza nie uda쓰 si非 'WeatherData' object has no attribute 'avg_tempttt'
2025-06-28 19:50:11,439 - __main__ - INFO - Rozpoczecie analizy pogodowej dla:  Krakow
2025-06-28 19:50:11,468 - __main__ - INFO - Zaladowano dla: Meteostat
2025-06-28 19:50:11,820 - __main__ - INFO - Zaladowano dla: OpenMeteo
2025-06-28 19:50:14,217 - api_clients.base.Meteostat - INFO - Pozyskanie danych pogodowych z Meteostat dla Krakow
2025-06-28 19:50:14,569 - api_clients.base.OpenMeteo - INFO - Pozyskanie danych pogodowych z Open-Meteo dla Krakow
2025-06-28 19:50:14,784 - cmdstanpy - DEBUG - cmd: where.exe tbb.dll
cwd: None
2025-06-28 19:50:14,860 - cmdstanpy - DEBUG - Adding TBB (C:\Users\fajka\OneDrive\Pulpit\projekt\WeatherWise\.venv\Lib\site-packages\prophet\stan_model\cmdstan-2.33.1\stan\lib\stan_math\lib\tbb) to PATH
2025-06-28 19:50:14,875 - cmdstanpy - DEBUG - input tempfile: C:\Users\fajka\AppData\Local\Temp\tmpgnbh775h\vcxhrcgn.json
2025-06-28 19:50:14,892 - cmdstanpy - DEBUG - input tempfile: C:\Users\fajka\AppData\Local\Temp\tmpgnbh775h\wdwampkh.json
2025-06-28 19:50:14,903 - cmdstanpy - DEBUG - idx 0
2025-06-28 19:50:14,903 - cmdstanpy - DEBUG - running CmdStan, num_threads: None
2025-06-28 19:50:14,903 - cmdstanpy - DEBUG - CmdStan args: ['C:\\Users\\fajka\\OneDrive\\Pulpit\\projekt\\WeatherWise\\.venv\\Lib\\site-packages\\prophet\\stan_model\\prophet_model.bin', 'random', 'seed=68457', 'data', 'file=C:\\Users\\fajka\\AppData\\Local\\Temp\\tmpgnbh775h\\vcxhrcgn.json', 'init=C:\\Users\\fajka\\AppData\\Local\\Temp\\tmpgnbh775h\\wdwampkh.json', 'output', 'file=C:\\Users\\fajka\\AppData\\Local\\Temp\\tmpgnbh775h\\prophet_modell16_1c32\\prophet_model-20250628195014.csv', 'method=optimize', 'algorithm=lbfgs', 'iter=10000']
2025-06-28 19:50:14,903 - cmdstanpy - INFO - Chain [1] start processing
2025-06-28 19:50:14,933 - cmdstanpy - INFO - Chain [1] done processing
2025-06-28 19:50:15,595 - __main__ - INFO - Wykres prognozy zostal zapsiany w lokalizacji: output\forecast_krakow_20250628.png
2025-06-28 20:04:15,526 - main - INFO - Zaladowano dla: Meteostat
2025-06-28 20:04:15,872 - main - INFO - Zaladowano dla: OpenMeteo
2025-06-28 20:04:20,194 - api_clients.base.Meteostat - INFO - Pozyskanie danych pogodowych z Meteostat dla Warsaw
2025-06-28 20:04:20,575 - api_clients.base.OpenMeteo - INFO - Pozyskanie danych pogodowych z Open-Meteo dla Warsaw
2025-06-28 20:04:21,113 - cmdstanpy - DEBUG - cmd: where.exe tbb.dll
cwd: None
2025-06-28 20:04:21,184 - cmdstanpy - DEBUG - Adding TBB (C:\Users\fajka\OneDrive\Pulpit\projekt\WeatherWise\.venv\Lib\site-packages\prophet\stan_model\cmdstan-2.33.1\stan\lib\stan_math\lib\tbb) to PATH
2025-06-28 20:04:21,199 - cmdstanpy - DEBUG - input tempfile: C:\Users\fajka\AppData\Local\Temp\tmp8big0wdt\mqjj4g74.json
2025-06-28 20:04:21,226 - cmdstanpy - DEBUG - input tempfile: C:\Users\fajka\AppData\Local\Temp\tmp8big0wdt\xp_tyfvo.json
2025-06-28 20:04:21,228 - cmdstanpy - DEBUG - idx 0
2025-06-28 20:04:21,229 - cmdstanpy - DEBUG - running CmdStan, num_threads: None
2025-06-28 20:04:21,229 - cmdstanpy - DEBUG - CmdStan args: ['C:\\Users\\fajka\\OneDrive\\Pulpit\\projekt\\WeatherWise\\.venv\\Lib\\site-packages\\prophet\\stan_model\\prophet_model.bin', 'random', 'seed=76810', 'data', 'file=C:\\Users\\fajka\\AppData\\Local\\Temp\\tmp8big0wdt\\mqjj4g74.json', 'init=C:\\Users\\fajka\\AppData\\Local\\Temp\\tmp8big0wdt\\xp_tyfvo.json', 'output', 'file=C:\\Users\\fajka\\AppData\\Local\\Temp\\tmp8big0wdt\\prophet_modelslw0aryi\\prophet_model-20250628200421.csv', 'method=optimize', 'algorithm=lbfgs', 'iter=10000']
2025-06-28 20:04:21,229 - cmdstanpy - INFO - Chain [1] start processing
2025-06-28 20:04:21,268 - cmdstanpy - INFO - Chain [1] done processing
2025-06-28 20:14:32,441 - main - INFO - Zaladowano dla: Meteostat
2025-06-28 20:14:32,442 - main - INFO - Zaladowano dla: OpenMeteo
2025-06-28 20:14:36,242 - api_clients.base.Meteostat - INFO - Pozyskanie danych pogodowych z Meteostat dla Krakow
2025-06-28 20:14:36,607 - api_clients.base.OpenMeteo - INFO - Pozyskanie danych pogodowych z Open-Meteo dla Krakow
2025-06-28 20:14:36,834 - cmdstanpy - DEBUG - cmd: where.exe tbb.dll
cwd: None
2025-06-28 20:14:36,905 - cmdstanpy - DEBUG - TBB already found in load path
2025-06-28 20:14:36,917 - cmdstanpy - DEBUG - input tempfile: C:\Users\fajka\AppData\Local\Temp\tmp8big0wdt\6u1mvos6.json
2025-06-28 20:14:36,934 - cmdstanpy - DEBUG - input tempfile: C:\Users\fajka\AppData\Local\Temp\tmp8big0wdt\xglqwfjm.json
2025-06-28 20:14:36,935 - cmdstanpy - DEBUG - idx 0
2025-06-28 20:14:36,936 - cmdstanpy - DEBUG - running CmdStan, num_threads: None
2025-06-28 20:14:36,936 - cmdstanpy - DEBUG - CmdStan args: ['C:\\Users\\fajka\\OneDrive\\Pulpit\\projekt\\WeatherWise\\.venv\\Lib\\site-packages\\prophet\\stan_model\\prophet_model.bin', 'random', 'seed=69422', 'data', 'file=C:\\Users\\fajka\\AppData\\Local\\Temp\\tmp8big0wdt\\6u1mvos6.json', 'init=C:\\Users\\fajka\\AppData\\Local\\Temp\\tmp8big0wdt\\xglqwfjm.json', 'output', 'file=C:\\Users\\fajka\\AppData\\Local\\Temp\\tmp8big0wdt\\prophet_model_85606q6\\prophet_model-20250628201436.csv', 'method=optimize', 'algorithm=lbfgs', 'iter=10000']
2025-06-28 20:14:36,936 - cmdstanpy - INFO - Chain [1] start processing
2025-06-28 20:14:36,982 - cmdstanpy - INFO - Chain [1] done processing
2025-06-28 20:14:48,919 - main - INFO - Zaladowano dla: Meteostat
2025-06-28 20:14:48,920 - main - INFO - Zaladowano dla: OpenMeteo
2025-06-28 20:14:52,648 - api_clients.base.Meteostat - INFO - Pozyskanie danych pogodowych z Meteostat dla Poznan
2025-06-28 20:14:53,015 - api_clients.base.OpenMeteo - INFO - Pozyskanie danych pogodowych z Open-Meteo dla Poznan
2025-06-28 20:14:53,452 - cmdstanpy - DEBUG - cmd: where.exe tbb.dll
cwd: None
2025-06-28 20:14:53,524 - cmdstanpy - DEBUG - TBB already found in load path
2025-06-28 20:14:53,536 - cmdstanpy - DEBUG - input tempfile: C:\Users\fajka\AppData\Local\Temp\tmp8big0wdt\yekj7n86.json
2025-06-28 20:14:53,553 - cmdstanpy - DEBUG - input tempfile: C:\Users\fajka\AppData\Local\Temp\tmp8big0wdt\aqt1uvbw.json
2025-06-28 20:14:53,554 - cmdstanpy - DEBUG - idx 0
2025-06-28 20:14:53,555 - cmdstanpy - DEBUG - running CmdStan, num_threads: None
2025-06-28 20:14:53,555 - cmdstanpy - DEBUG - CmdStan args: ['C:\\Users\\fajka\\OneDrive\\Pulpit\\projekt\\WeatherWise\\.venv\\Lib\\site-packages\\prophet\\stan_model\\prophet_model.bin', 'random', 'seed=75778', 'data', 'file=C:\\Users\\fajka\\AppData\\Local\\Temp\\tmp8big0wdt\\yekj7n86.json', 'init=C:\\Users\\fajka\\AppData\\Local\\Temp\\tmp8big0wdt\\aqt1uvbw.json', 'output', 'file=C:\\Users\\fajka\\AppData\\Local\\Temp\\tmp8big0wdt\\prophet_modelxh1xh17w\\prophet_model-20250628201453.csv', 'method=optimize', 'algorithm=lbfgs', 'iter=10000']
2025-06-28 20:14:53,555 - cmdstanpy - INFO - Chain [1] start processing
2025-06-28 20:14:53,610 - cmdstanpy - INFO - Chain [1] done processing
2025-06-28 20:15:18,399 - main - INFO - Zaladowano dla: Meteostat
2025-06-28 20:15:18,400 - main - INFO - Zaladowano dla: OpenMeteo
2025-06-28 20:15:22,199 - api_clients.base.Meteostat - INFO - Pozyskanie danych pogodowych z Meteostat dla Poznan
2025-06-28 20:15:22,555 - api_clients.base.OpenMeteo - INFO - Pozyskanie danych pogodowych z Open-Meteo dla Poznan
2025-06-28 20:15:22,750 - cmdstanpy - DEBUG - cmd: where.exe tbb.dll
cwd: None
2025-06-28 20:15:22,829 - cmdstanpy - DEBUG - TBB already found in load path
2025-06-28 20:15:22,840 - cmdstanpy - DEBUG - input tempfile: C:\Users\fajka\AppData\Local\Temp\tmp8big0wdt\nl40y_s4.json
2025-06-28 20:15:22,858 - cmdstanpy - DEBUG - input tempfile: C:\Users\fajka\AppData\Local\Temp\tmp8big0wdt\6oi2683d.json
2025-06-28 20:15:22,859 - cmdstanpy - DEBUG - idx 0
2025-06-28 20:15:22,859 - cmdstanpy - DEBUG - running CmdStan, num_threads: None
2025-06-28 20:15:22,859 - cmdstanpy - DEBUG - CmdStan args: ['C:\\Users\\fajka\\OneDrive\\Pulpit\\projekt\\WeatherWise\\.venv\\Lib\\site-packages\\prophet\\stan_model\\prophet_model.bin', 'random', 'seed=86699', 'data', 'file=C:\\Users\\fajka\\AppData\\Local\\Temp\\tmp8big0wdt\\nl40y_s4.json', 'init=C:\\Users\\fajka\\AppData\\Local\\Temp\\tmp8big0wdt\\6oi2683d.json', 'output', 'file=C:\\Users\\fajka\\AppData\\Local\\Temp\\tmp8big0wdt\\prophet_modelv6jaf1pu\\prophet_model-20250628201522.csv', 'method=optimize', 'algorithm=lbfgs', 'iter=10000']
2025-06-28 20:15:22,859 - cmdstanpy - INFO - Chain [1] start processing
2025-06-28 20:15:22,897 - cmdstanpy - INFO - Chain [1] done processing
2025-06-28 20:41:57,065 - __main__ - INFO - Rozpoczecie analizy pogodowej dla:  Krakow
2025-06-28 20:41:57,095 - __main__ - INFO - Zaladowano dla: Meteostat
2025-06-28 20:41:57,448 - __main__ - INFO - Zaladowano dla: OpenMeteo
2025-06-28 20:41:59,909 - api_clients.base.Meteostat - INFO - Pozyskanie danych pogodowych z Meteostat dla Krakow
2025-06-28 20:42:00,259 - api_clients.base.OpenMeteo - INFO - Pozyskanie danych pogodowych z Open-Meteo dla Krakow
2025-06-28 20:42:00,693 - cmdstanpy - DEBUG - cmd: where.exe tbb.dll
cwd: None
2025-06-28 20:42:00,767 - cmdstanpy - DEBUG - Adding TBB (C:\Users\fajka\OneDrive\Pulpit\projekt\WeatherWise\.venv\Lib\site-packages\prophet\stan_model\cmdstan-2.33.1\stan\lib\stan_math\lib\tbb) to PATH
2025-06-28 20:42:00,781 - cmdstanpy - DEBUG - input tempfile: C:\Users\fajka\AppData\Local\Temp\tmpne0puppc\dttbnzlt.json
2025-06-28 20:42:00,798 - cmdstanpy - DEBUG - input tempfile: C:\Users\fajka\AppData\Local\Temp\tmpne0puppc\ftii502r.json
2025-06-28 20:42:00,799 - cmdstanpy - DEBUG - idx 0
2025-06-28 20:42:00,799 - cmdstanpy - DEBUG - running CmdStan, num_threads: None
2025-06-28 20:42:00,799 - cmdstanpy - DEBUG - CmdStan args: ['C:\\Users\\fajka\\OneDrive\\Pulpit\\projekt\\WeatherWise\\.venv\\Lib\\site-packages\\prophet\\stan_model\\prophet_model.bin', 'random', 'seed=70832', 'data', 'file=C:\\Users\\fajka\\AppData\\Local\\Temp\\tmpne0puppc\\dttbnzlt.json', 'init=C:\\Users\\fajka\\AppData\\Local\\Temp\\tmpne0puppc\\ftii502r.json', 'output', 'file=C:\\Users\\fajka\\AppData\\Local\\Temp\\tmpne0puppc\\prophet_model9ilk9rhx\\prophet_model-20250628204200.csv', 'method=optimize', 'algorithm=lbfgs', 'iter=10000']
2025-06-28 20:42:00,800 - cmdstanpy - INFO - Chain [1] start processing
2025-06-28 20:42:00,839 - cmdstanpy - INFO - Chain [1] done processing
2025-06-28 20:42:01,520 - __main__ - INFO - Wykres prognozy zostal zapsiany w lokalizacji: output\forecast_krakow_20250628.png
2025-06-28 20:45:50,978 - __main__ - INFO - Rozpoczecie analizy pogodowej dla:  Krakow
2025-06-28 20:45:51,009 - __main__ - INFO - Zaladowano dla: Meteostat
2025-06-28 20:45:51,368 - __main__ - INFO - Zaladowano dla: OpenMeteo
2025-06-28 20:45:53,710 - api_clients.base.Meteostat - INFO - Pozyskanie danych pogodowych z Meteostat dla Krakow
2025-06-28 20:45:54,068 - api_clients.base.OpenMeteo - INFO - Pozyskanie danych pogodowych z Open-Meteo dla Krakow
2025-06-28 20:45:54,300 - cmdstanpy - DEBUG - cmd: where.exe tbb.dll
cwd: None
2025-06-28 20:45:54,375 - cmdstanpy - DEBUG - Adding TBB (C:\Users\fajka\OneDrive\Pulpit\projekt\WeatherWise\.venv\Lib\site-packages\prophet\stan_model\cmdstan-2.33.1\stan\lib\stan_math\lib\tbb) to PATH
2025-06-28 20:45:54,390 - cmdstanpy - DEBUG - input tempfile: C:\Users\fajka\AppData\Local\Temp\tmph3ak6asj\2frvgsyc.json
2025-06-28 20:45:54,407 - cmdstanpy - DEBUG - input tempfile: C:\Users\fajka\AppData\Local\Temp\tmph3ak6asj\i60yhaw1.json
2025-06-28 20:45:54,408 - cmdstanpy - DEBUG - idx 0
2025-06-28 20:45:54,408 - cmdstanpy - DEBUG - running CmdStan, num_threads: None
2025-06-28 20:45:54,409 - cmdstanpy - DEBUG - CmdStan args: ['C:\\Users\\fajka\\OneDrive\\Pulpit\\projekt\\WeatherWise\\.venv\\Lib\\site-packages\\prophet\\stan_model\\prophet_model.bin', 'random', 'seed=90200', 'data', 'file=C:\\Users\\fajka\\AppData\\Local\\Temp\\tmph3ak6asj\\2frvgsyc.json', 'init=C:\\Users\\fajka\\AppData\\Local\\Temp\\tmph3ak6asj\\i60yhaw1.json', 'output', 'file=C:\\Users\\fajka\\AppData\\Local\\Temp\\tmph3ak6asj\\prophet_model58yk9y35\\prophet_model-20250628204554.csv', 'method=optimize', 'algorithm=lbfgs', 'iter=10000']
2025-06-28 20:45:54,409 - cmdstanpy - INFO - Chain [1] start processing
2025-06-28 20:45:54,439 - cmdstanpy - INFO - Chain [1] done processing
2025-06-28 20:45:55,087 - __main__ - INFO - Wykres prognozy zostal zapsiany w lokalizacji: output\forecast_krakow_20250628.png
2025-06-28 20:47:51,521 - __main__ - INFO - Rozpoczecie analizy pogodowej dla:  Krakow
2025-06-28 20:47:51,552 - __main__ - INFO - Zaladowano dla: Meteostat
2025-06-28 20:47:51,908 - __main__ - INFO - Zaladowano dla: OpenMeteo
2025-06-28 20:47:54,192 - api_clients.base.Meteostat - INFO - Pozyskanie danych pogodowych z Meteostat dla Krakow
2025-06-28 20:47:54,535 - api_clients.base.OpenMeteo - INFO - Pozyskanie danych pogodowych z Open-Meteo dla Krakow
2025-06-28 20:47:54,772 - cmdstanpy - DEBUG - cmd: where.exe tbb.dll
cwd: None
2025-06-28 20:47:54,844 - cmdstanpy - DEBUG - Adding TBB (C:\Users\fajka\OneDrive\Pulpit\projekt\WeatherWise\.venv\Lib\site-packages\prophet\stan_model\cmdstan-2.33.1\stan\lib\stan_math\lib\tbb) to PATH
2025-06-28 20:47:54,859 - cmdstanpy - DEBUG - input tempfile: C:\Users\fajka\AppData\Local\Temp\tmpoi1u7jt9\awd_2wil.json
2025-06-28 20:47:54,875 - cmdstanpy - DEBUG - input tempfile: C:\Users\fajka\AppData\Local\Temp\tmpoi1u7jt9\rewbovwp.json
2025-06-28 20:47:54,876 - cmdstanpy - DEBUG - idx 0
2025-06-28 20:47:54,877 - cmdstanpy - DEBUG - running CmdStan, num_threads: None
2025-06-28 20:47:54,877 - cmdstanpy - DEBUG - CmdStan args: ['C:\\Users\\fajka\\OneDrive\\Pulpit\\projekt\\WeatherWise\\.venv\\Lib\\site-packages\\prophet\\stan_model\\prophet_model.bin', 'random', 'seed=96426', 'data', 'file=C:\\Users\\fajka\\AppData\\Local\\Temp\\tmpoi1u7jt9\\awd_2wil.json', 'init=C:\\Users\\fajka\\AppData\\Local\\Temp\\tmpoi1u7jt9\\rewbovwp.json', 'output', 'file=C:\\Users\\fajka\\AppData\\Local\\Temp\\tmpoi1u7jt9\\prophet_modelspbetwyi\\prophet_model-20250628204754.csv', 'method=optimize', 'algorithm=lbfgs', 'iter=10000']
2025-06-28 20:47:54,877 - cmdstanpy - INFO - Chain [1] start processing
2025-06-28 20:47:54,907 - cmdstanpy - INFO - Chain [1] done processing
2025-06-28 20:47:55,596 - __main__ - INFO - Wykres prognozy zostal zapsiany w lokalizacji: output\forecast_krakow_20250628.png
2025-06-28 20:48:31,100 - main - INFO - Zaladowano dla: Meteostat
2025-06-28 20:48:31,448 - main - INFO - Zaladowano dla: OpenMeteo
2025-06-28 20:48:35,315 - api_clients.base.Meteostat - INFO - Pozyskanie danych pogodowych z Meteostat dla Warsaw
2025-06-28 20:48:35,679 - api_clients.base.OpenMeteo - INFO - Pozyskanie danych pogodowych z Open-Meteo dla Warsaw
2025-06-28 20:48:36,154 - cmdstanpy - DEBUG - cmd: where.exe tbb.dll
cwd: None
2025-06-28 20:48:36,229 - cmdstanpy - DEBUG - Adding TBB (C:\Users\fajka\OneDrive\Pulpit\projekt\WeatherWise\.venv\Lib\site-packages\prophet\stan_model\cmdstan-2.33.1\stan\lib\stan_math\lib\tbb) to PATH
2025-06-28 20:48:36,244 - cmdstanpy - DEBUG - input tempfile: C:\Users\fajka\AppData\Local\Temp\tmpi26n0dnz\b_7qbn1k.json
2025-06-28 20:48:36,261 - cmdstanpy - DEBUG - input tempfile: C:\Users\fajka\AppData\Local\Temp\tmpi26n0dnz\i9ez_8xh.json
2025-06-28 20:48:36,263 - cmdstanpy - DEBUG - idx 0
2025-06-28 20:48:36,263 - cmdstanpy - DEBUG - running CmdStan, num_threads: None
2025-06-28 20:48:36,263 - cmdstanpy - DEBUG - CmdStan args: ['C:\\Users\\fajka\\OneDrive\\Pulpit\\projekt\\WeatherWise\\.venv\\Lib\\site-packages\\prophet\\stan_model\\prophet_model.bin', 'random', 'seed=5843', 'data', 'file=C:\\Users\\fajka\\AppData\\Local\\Temp\\tmpi26n0dnz\\b_7qbn1k.json', 'init=C:\\Users\\fajka\\AppData\\Local\\Temp\\tmpi26n0dnz\\i9ez_8xh.json', 'output', 'file=C:\\Users\\fajka\\AppData\\Local\\Temp\\tmpi26n0dnz\\prophet_model8wivnbax\\prophet_model-20250628204836.csv', 'method=optimize', 'algorithm=lbfgs', 'iter=10000']
2025-06-28 20:48:36,263 - cmdstanpy - INFO - Chain [1] start processing
2025-06-28 20:48:36,301 - cmdstanpy - INFO - Chain [1] done processing
2025-06-28 20:48:54,751 - main - INFO - Zaladowano dla: Meteostat
2025-06-28 20:48:54,751 - main - INFO - Zaladowano dla: OpenMeteo
2025-06-28 20:48:58,584 - api_clients.base.Meteostat - INFO - Pozyskanie danych pogodowych z Meteostat dla Krakow
2025-06-28 20:48:59,032 - api_clients.base.OpenMeteo - INFO - Pozyskanie danych pogodowych z Open-Meteo dla Krakow
2025-06-28 20:48:59,218 - cmdstanpy - DEBUG - cmd: where.exe tbb.dll
cwd: None
2025-06-28 20:48:59,290 - cmdstanpy - DEBUG - TBB already found in load path
2025-06-28 20:48:59,301 - cmdstanpy - DEBUG - input tempfile: C:\Users\fajka\AppData\Local\Temp\tmpi26n0dnz\9g633_u4.json
2025-06-28 20:48:59,319 - cmdstanpy - DEBUG - input tempfile: C:\Users\fajka\AppData\Local\Temp\tmpi26n0dnz\qb0ijsdh.json
2025-06-28 20:48:59,320 - cmdstanpy - DEBUG - idx 0
2025-06-28 20:48:59,321 - cmdstanpy - DEBUG - running CmdStan, num_threads: None
2025-06-28 20:48:59,321 - cmdstanpy - DEBUG - CmdStan args: ['C:\\Users\\fajka\\OneDrive\\Pulpit\\projekt\\WeatherWise\\.venv\\Lib\\site-packages\\prophet\\stan_model\\prophet_model.bin', 'random', 'seed=5022', 'data', 'file=C:\\Users\\fajka\\AppData\\Local\\Temp\\tmpi26n0dnz\\9g633_u4.json', 'init=C:\\Users\\fajka\\AppData\\Local\\Temp\\tmpi26n0dnz\\qb0ijsdh.json', 'output', 'file=C:\\Users\\fajka\\AppData\\Local\\Temp\\tmpi26n0dnz\\prophet_modeluysp5bo6\\prophet_model-20250628204859.csv', 'method=optimize', 'algorithm=lbfgs', 'iter=10000']
2025-06-28 20:48:59,321 - cmdstanpy - INFO - Chain [1] start processing
2025-06-28 20:48:59,354 - cmdstanpy - INFO - Chain [1] done processing
2025-06-28 20:49:33,190 - main - INFO - Zaladowano dla: Meteostat
2025-06-28 20:49:33,191 - main - INFO - Zaladowano dla: OpenMeteo
2025-06-28 20:49:37,045 - api_clients.base.Meteostat - INFO - Pozyskanie danych pogodowych z Meteostat dla Gdansk
2025-06-28 20:49:37,441 - api_clients.base.OpenMeteo - INFO - Pozyskanie danych pogodowych z Open-Meteo dla Gdansk
2025-06-28 20:49:38,002 - cmdstanpy - DEBUG - cmd: where.exe tbb.dll
cwd: None
2025-06-28 20:49:38,075 - cmdstanpy - DEBUG - TBB already found in load path
2025-06-28 20:49:38,087 - cmdstanpy - DEBUG - input tempfile: C:\Users\fajka\AppData\Local\Temp\tmpi26n0dnz\3ro7zsh2.json
2025-06-28 20:49:38,105 - cmdstanpy - DEBUG - input tempfile: C:\Users\fajka\AppData\Local\Temp\tmpi26n0dnz\tnxq4zh3.json
2025-06-28 20:49:38,106 - cmdstanpy - DEBUG - idx 0
2025-06-28 20:49:38,107 - cmdstanpy - DEBUG - running CmdStan, num_threads: None
2025-06-28 20:49:38,107 - cmdstanpy - DEBUG - CmdStan args: ['C:\\Users\\fajka\\OneDrive\\Pulpit\\projekt\\WeatherWise\\.venv\\Lib\\site-packages\\prophet\\stan_model\\prophet_model.bin', 'random', 'seed=98521', 'data', 'file=C:\\Users\\fajka\\AppData\\Local\\Temp\\tmpi26n0dnz\\3ro7zsh2.json', 'init=C:\\Users\\fajka\\AppData\\Local\\Temp\\tmpi26n0dnz\\tnxq4zh3.json', 'output', 'file=C:\\Users\\fajka\\AppData\\Local\\Temp\\tmpi26n0dnz\\prophet_model76ndegrh\\prophet_model-20250628204938.csv', 'method=optimize', 'algorithm=lbfgs', 'iter=10000']
2025-06-28 20:49:38,107 - cmdstanpy - INFO - Chain [1] start processing
2025-06-28 20:49:38,148 - cmdstanpy - INFO - Chain [1] done processing
